     ;; x(((a𢀔𢀗+𢀔𢀗+v(da𢀔𢀗+ewa.adsdadasdferqw2ed)*(ssadsadè+𢀔𢀗+è+è+èè+èp𢀔𢀗+𢀔𢀗+𢀔𢀗+𢀔𢀗+èpèpèpès)+)+p[𢀔-𢀗]+)*(𢀔𢀗+)+)y(((av(dd)(ss))p[𢀔-𢀗]+)*(𢀔𢀔èéèé?ò.òòçççòòòçç𢀗+𢀗+)+)
000  FF F2 6F  HDR LEN 26F 
003  EF 5D     HDR LVL 5D 
005  0C        HDR END 
006  40        BGN 00 
007  E4 78     CHR 78 
009  B2 6C     JPF 26C 
00B  41        BGN 01 
00C  80        FOR 0,* 
00D  42        BGN 02 
00E  81        FOR 1,* 
00F  43        BGN 03 
010  E4 61     CHR 61 
012  B1 82     JPF 182 
014  F2 F0 A2  CHH F0A2 
017  F4 80 94  CHR 8094 
01A  B1 82     JPF 182 
01C  81        FOR 1,* 
01D  F2 F0 A2  CHH F0A2 
020  F4 80 97  CHR 8097 
023  C0 1D     NXT 01D 
025  B1 82     JPF 182 
027  F2 F0 A2  CHH F0A2 
02A  F4 80 94  CHR 8094 
02D  B1 82     JPF 182 
02F  81        FOR 1,* 
030  F2 F0 A2  CHH F0A2 
033  F4 80 97  CHR 8097 
036  C0 30     NXT 030 
038  B1 82     JPF 182 
03A  E4 76     CHR 76 
03C  B1 82     JPF 182 
03E  80        FOR 0,* 
03F  44        BGN 04 
040  E4 64     CHR 64 
042  B0 AC     JPF 0AC 
044  E4 61     CHR 61 
046  B0 AC     JPF 0AC 
048  F2 F0 A2  CHH F0A2 
04B  F4 80 94  CHR 8094 
04E  B0 AC     JPF 0AC 
050  81        FOR 1,* 
051  F2 F0 A2  CHH F0A2 
054  F4 80 97  CHR 8097 
057  C0 51     NXT 051 
059  B0 AC     JPF 0AC 
05B  E4 65     CHR 65 
05D  B0 AC     JPF 0AC 
05F  E4 77     CHR 77 
061  B0 AC     JPF 0AC 
063  E4 61     CHR 61 
065  B0 AC     JPF 0AC 
067  21        ISA NOTEOL 
068  B0 AC     JPF 0AC 
06A  E4 61     CHR 61 
06C  B0 AC     JPF 0AC 
06E  E4 64     CHR 64 
070  B0 AC     JPF 0AC 
072  E4 73     CHR 73 
074  B0 AC     JPF 0AC 
076  E4 64     CHR 64 
078  B0 AC     JPF 0AC 
07A  E4 61     CHR 61 
07C  B0 AC     JPF 0AC 
07E  E4 64     CHR 64 
080  B0 AC     JPF 0AC 
082  E4 61     CHR 61 
084  B0 AC     JPF 0AC 
086  E4 73     CHR 73 
088  B0 AC     JPF 0AC 
08A  E4 64     CHR 64 
08C  B0 AC     JPF 0AC 
08E  E4 66     CHR 66 
090  B0 AC     JPF 0AC 
092  E4 65     CHR 65 
094  B0 AC     JPF 0AC 
096  E4 72     CHR 72 
098  B0 AC     JPF 0AC 
09A  E4 71     CHR 71 
09C  B0 AC     JPF 0AC 
09E  E4 77     CHR 77 
0A0  B0 AC     JPF 0AC 
0A2  E4 32     CHR 32 
0A4  B0 AC     JPF 0AC 
0A6  E4 65     CHR 65 
0A8  B0 AC     JPF 0AC 
0AA  E4 64     CHR 64 
0AC  54        END 04 
0AD  C0 3F     NXT 03F 
0AF  B1 82     JPF 182 
0B1  81        FOR 1,* 
0B2  45        BGN 05 
0B3  E4 73     CHR 73 
0B5  B1 7F     JPF 17F 
0B7  E4 73     CHR 73 
0B9  B1 7F     JPF 17F 
0BB  E4 61     CHR 61 
0BD  B1 7F     JPF 17F 
0BF  E4 64     CHR 64 
0C1  B1 7F     JPF 17F 
0C3  E4 73     CHR 73 
0C5  B1 7F     JPF 17F 
0C7  E4 61     CHR 61 
0C9  B1 7F     JPF 17F 
0CB  E4 64     CHR 64 
0CD  B1 7F     JPF 17F 
0CF  81        FOR 1,* 
0D0  F4 C3 A8  CHR C3A8 
0D3  C0 D0     NXT 0D0 
0D5  B1 7F     JPF 17F 
0D7  F2 F0 A2  CHH F0A2 
0DA  F4 80 94  CHR 8094 
0DD  B1 7F     JPF 17F 
0DF  81        FOR 1,* 
0E0  F2 F0 A2  CHH F0A2 
0E3  F4 80 97  CHR 8097 
0E6  C0 E0     NXT 0E0 
0E8  B1 7F     JPF 17F 
0EA  81        FOR 1,* 
0EB  F4 C3 A8  CHR C3A8 
0EE  C0 EB     NXT 0EB 
0F0  B1 7F     JPF 17F 
0F2  81        FOR 1,* 
0F3  F4 C3 A8  CHR C3A8 
0F6  C0 F3     NXT 0F3 
0F8  B1 7F     JPF 17F 
0FA  F4 C3 A8  CHR C3A8 
0FD  B1 7F     JPF 17F 
0FF  81        FOR 1,* 
100  08        NOP 
101  F4 C3 A8  CHR C3A8 
104  C1 01     NXT 101 
106  B1 7F     JPF 17F 
108  F4 C3 A8  CHR C3A8 
10B  B1 7F     JPF 17F 
10D  E4 70     CHR 70 
10F  B1 7F     JPF 17F 
111  F2 F0 A2  CHH F0A2 
114  F4 80 94  CHR 8094 
117  B1 7F     JPF 17F 
119  81        FOR 1,* 
11A  F2 F0 A2  CHH F0A2 
11D  F4 80 97  CHR 8097 
120  C1 1A     NXT 11A 
122  B1 7F     JPF 17F 
124  F2 F0 A2  CHH F0A2 
127  F4 80 94  CHR 8094 
12A  B1 7F     JPF 17F 
12C  81        FOR 1,* 
12D  F2 F0 A2  CHH F0A2 
130  F4 80 97  CHR 8097 
133  C1 2D     NXT 12D 
135  B1 7F     JPF 17F 
137  F2 F0 A2  CHH F0A2 
13A  F4 80 94  CHR 8094 
13D  B1 7F     JPF 17F 
13F  81        FOR 1,* 
140  F2 F0 A2  CHH F0A2 
143  F4 80 97  CHR 8097 
146  C1 40     NXT 140 
148  B1 7F     JPF 17F 
14A  F2 F0 A2  CHH F0A2 
14D  F4 80 94  CHR 8094 
150  B1 7F     JPF 17F 
152  81        FOR 1,* 
153  F2 F0 A2  CHH F0A2 
156  F4 80 97  CHR 8097 
159  C1 53     NXT 153 
15B  B1 7F     JPF 17F 
15D  F4 C3 A8  CHR C3A8 
160  B1 7F     JPF 17F 
162  E4 70     CHR 70 
164  B1 7F     JPF 17F 
166  F4 C3 A8  CHR C3A8 
169  B1 7F     JPF 17F 
16B  E4 70     CHR 70 
16D  B1 7F     JPF 17F 
16F  F4 C3 A8  CHR C3A8 
172  B1 7F     JPF 17F 
174  E4 70     CHR 70 
176  B1 7F     JPF 17F 
178  F4 C3 A8  CHR C3A8 
17B  B1 7F     JPF 17F 
17D  E4 73     CHR 73 
17F  55        END 05 
180  C0 B2     NXT 0B2 
182  53        END 03 
183  C0 0F     NXT 00F 
185  B1 9A     JPF 19A 
187  E4 70     CHR 70 
189  B1 9A     JPF 19A 
18B  81        FOR 1,* 
18C  F2 F0 A2  CHH F0A2 
18F  F4 80 94  CHR 8094 
192  F2 F0 A2  CHH F0A2 
195  FC 80 97  RNG 8097 
198  C1 8C     NXT 18C 
19A  52        END 02 
19B  C0 0D     NXT 00D 
19D  B1 B5     JPF 1B5 
19F  81        FOR 1,* 
1A0  46        BGN 06 
1A1  F2 F0 A2  CHH F0A2 
1A4  F4 80 94  CHR 8094 
1A7  B1 B2     JPF 1B2 
1A9  81        FOR 1,* 
1AA  F2 F0 A2  CHH F0A2 
1AD  F4 80 97  CHR 8097 
1B0  C1 AA     NXT 1AA 
1B2  56        END 06 
1B3  C1 A0     NXT 1A0 
1B5  51        END 01 
1B6  B2 6C     JPF 26C 
1B8  E4 79     CHR 79 
1BA  B2 6C     JPF 26C 
1BC  47        BGN 07 
1BD  80        FOR 0,* 
1BE  48        BGN 08 
1BF  49        BGN 09 
1C0  E4 61     CHR 61 
1C2  B1 DA     JPF 1DA 
1C4  E4 76     CHR 76 
1C6  B1 DA     JPF 1DA 
1C8  4A        BGN 0A 
1C9  E4 64     CHR 64 
1CB  B1 CF     JPF 1CF 
1CD  E4 64     CHR 64 
1CF  5A        END 0A 
1D0  B1 DA     JPF 1DA 
1D2  4B        BGN 0B 
1D3  E4 73     CHR 73 
1D5  B1 D9     JPF 1D9 
1D7  E4 73     CHR 73 
1D9  5B        END 0B 
1DA  59        END 09 
1DB  B1 F0     JPF 1F0 
1DD  E4 70     CHR 70 
1DF  B1 F0     JPF 1F0 
1E1  81        FOR 1,* 
1E2  F2 F0 A2  CHH F0A2 
1E5  F4 80 94  CHR 8094 
1E8  F2 F0 A2  CHH F0A2 
1EB  FC 80 97  RNG 8097 
1EE  C1 E2     NXT 1E2 
1F0  58        END 08 
1F1  C1 BE     NXT 1BE 
1F3  B2 6B     JPF 26B 
1F5  81        FOR 1,* 
1F6  4C        BGN 0C 
1F7  F2 F0 A2  CHH F0A2 
1FA  F4 80 94  CHR 8094 
1FD  B2 68     JPF 268 
1FF  F2 F0 A2  CHH F0A2 
202  F4 80 94  CHR 8094 
205  B2 68     JPF 268 
207  F4 C3 A8  CHR C3A8 
20A  B2 68     JPF 268 
20C  F4 C3 A9  CHR C3A9 
20F  B2 68     JPF 268 
211  F4 C3 A8  CHR C3A8 
214  B2 68     JPF 268 
216  F4 C3 A9  CHR C3A9 
219  02        MTC 
21A  F4 C3 B2  CHR C3B2 
21D  B2 68     JPF 268 
21F  21        ISA NOTEOL 
220  B2 68     JPF 268 
222  F4 C3 B2  CHR C3B2 
225  B2 68     JPF 268 
227  F4 C3 B2  CHR C3B2 
22A  B2 68     JPF 268 
22C  F4 C3 A7  CHR C3A7 
22F  B2 68     JPF 268 
231  F4 C3 A7  CHR C3A7 
234  B2 68     JPF 268 
236  F4 C3 A7  CHR C3A7 
239  B2 68     JPF 268 
23B  F4 C3 B2  CHR C3B2 
23E  B2 68     JPF 268 
240  F4 C3 B2  CHR C3B2 
243  B2 68     JPF 268 
245  F4 C3 B2  CHR C3B2 
248  B2 68     JPF 268 
24A  F4 C3 A7  CHR C3A7 
24D  B2 68     JPF 268 
24F  F4 C3 A7  CHR C3A7 
252  B2 68     JPF 268 
254  81        FOR 1,* 
255  F2 F0 A2  CHH F0A2 
258  F4 80 97  CHR 8097 
25B  C2 55     NXT 255 
25D  B2 68     JPF 268 
25F  81        FOR 1,* 
260  F2 F0 A2  CHH F0A2 
263  F4 80 97  CHR 8097 
266  C2 60     NXT 260 
268  5C        END 0C 
269  C1 F6     NXT 1F6 
26B  57        END 07 
26C  50        END 00 
26D  08        NOP 
26E  00        HLT 
